===== RUN 2025-10-25 00:42:44 UTC =====
[00:42:44] [REQ#1] Старт запроса.
[00:42:46] [REQ#1] HTTP 200
------ ОТВЕТ СЕРВЕРА (REQ#1) ------
{"textoAgendaPaso2":"","textoRecursoPaso2":null,"disponibilidades":[]}
------------------------------------
[00:42:46] [REQ#1] Нет свободных мест.
[00:42:46] [REQ#2] Старт запроса.
[00:42:47] [REQ#2] HTTP 200
------ ОТВЕТ СЕРВЕРА (REQ#2) ------
{"textoAgendaPaso2":"SOLO REALICE UNA RESERVA si cuenta con toda la \r\ndocumentaci\u00f3n en forma, ya que una vez abonada \r\nno habr\u00e1 devoluciones.","textoRecursoPaso2":null,"disponibilidades":[]}
------------------------------------
[00:42:47] [REQ#2] Нет свободных мест.

===== RUN 2025-10-25 01:35:41 UTC =====
===== RUN 2025-10-25 01:42:13 UTC =====
[01:42:13] [REQ#1 agenda=82 recurso=213] Старт запроса.
[01:42:14] [REQ#1 agenda=82 recurso=213] HTTP 200
------ ОТВЕТ СЕРВЕРА (REQ#1 agenda=82 recurso=213) ------
{"textoAgendaPaso2":"SOLO REALICE UNA RESERVA si cuenta con toda la \r\ndocumentaci\u00f3n en forma, ya que una vez abonada \r\nno habr\u00e1 devoluciones.","textoRecursoPaso2":null,"disponibilidades":[]}
------------------------------------
[01:42:14] [REQ#1 agenda=82 recurso=213] Нет свободных мест.
[01:42:14] [REQ#2 agenda=7 recurso=214] Старт запроса.
[01:42:15] [REQ#2 agenda=7 recurso=214] HTTP 200
------ ОТВЕТ СЕРВЕРА (REQ#2 agenda=7 recurso=214) ------
{"textoAgendaPaso2":"","textoRecursoPaso2":null,"disponibilidades":[]}
------------------------------------
[01:42:15] [REQ#2 agenda=7 recurso=214] Нет свободных мест.

===== RUN 2025-10-25 01:59:03 UTC =====
[01:59:03] [REQ#1 agenda=82 recurso=213] Старт запроса.
[01:59:04] [REQ#1 agenda=82 recurso=213] HTTP 200
------ ОТВЕТ СЕРВЕРА (REQ#1 agenda=82 recurso=213) ------
{"textoAgendaPaso2":"SOLO REALICE UNA RESERVA si cuenta con toda la \r\ndocumentaci\u00f3n en forma, ya que una vez abonada \r\nno habr\u00e1 devoluciones.","textoRecursoPaso2":null,"disponibilidades":[]}
------------------------------------
[01:59:04] [REQ#1 agenda=82 recurso=213] Нет свободных мест.
[01:59:04] [REQ#2 agenda=7 recurso=214] Старт запроса.
[01:59:05] [REQ#2 agenda=7 recurso=214] HTTP 200
------ ОТВЕТ СЕРВЕРА (REQ#2 agenda=7 recurso=214) ------
{"textoAgendaPaso2":"","textoRecursoPaso2":null,"disponibilidades":[]}
------------------------------------
[01:59:05] [REQ#2 agenda=7 recurso=214] Нет свободных мест.

===== RUN 2025-10-25 02:00:11 UTC =====
[02:00:11] [REQ#1 agenda=82 recurso=213] Старт запроса.
[02:00:13] [REQ#1 agenda=82 recurso=213] HTTP 200
------ ОТВЕТ СЕРВЕРА (REQ#1 agenda=82 recurso=213) ------
{"textoAgendaPaso2":"SOLO REALICE UNA RESERVA si cuenta con toda la \r\ndocumentaci\u00f3n en forma, ya que una vez abonada \r\nno habr\u00e1 devoluciones.","textoRecursoPaso2":null,"disponibilidades":[]}
------------------------------------
[02:00:13] [REQ#1 agenda=82 recurso=213] Нет свободных мест.
[02:00:13] [REQ#2 agenda=7 recurso=214] Старт запроса.
[02:00:14] [REQ#2 agenda=7 recurso=214] HTTP 200
------ ОТВЕТ СЕРВЕРА (REQ#2 agenda=7 recurso=214) ------
{"textoAgendaPaso2":"","textoRecursoPaso2":null,"disponibilidades":[]}
------------------------------------
[02:00:14] [REQ#2 agenda=7 recurso=214] Нет свободных мест.

===== RUN 2025-10-25 02:01:08 UTC =====
[02:01:08] [REQ#1 agenda=82 recurso=213] Старт запроса.
[02:01:10] [REQ#1 agenda=82 recurso=213] HTTP 200
------ ОТВЕТ СЕРВЕРА (REQ#1 agenda=82 recurso=213) ------
{"textoAgendaPaso2":"SOLO REALICE UNA RESERVA si cuenta con toda la \r\ndocumentaci\u00f3n en forma, ya que una vez abonada \r\nno habr\u00e1 devoluciones.","textoRecursoPaso2":null,"disponibilidades":[]}
------------------------------------
[02:01:10] [REQ#1 agenda=82 recurso=213] Нет свободных мест.
[02:01:10] [REQ#2 agenda=7 recurso=214] Старт запроса.
[02:01:11] [REQ#2 agenda=7 recurso=214] HTTP 200
------ ОТВЕТ СЕРВЕРА (REQ#2 agenda=7 recurso=214) ------
{"textoAgendaPaso2":"","textoRecursoPaso2":null,"disponibilidades":[]}
------------------------------------
[02:01:11] [REQ#2 agenda=7 recurso=214] Нет свободных мест.

===== RUN 2025-10-25 02:04:17 UTC =====
[02:04:17] [REQ#1 agenda=82 recurso=213] Старт запроса.
[02:04:20] [REQ#1 agenda=82 recurso=213] HTTP 200
------ ОТВЕТ СЕРВЕРА (REQ#1 agenda=82 recurso=213) ------
{"textoAgendaPaso2":"SOLO REALICE UNA RESERVA si cuenta con toda la \r\ndocumentaci\u00f3n en forma, ya que una vez abonada \r\nno habr\u00e1 devoluciones.","textoRecursoPaso2":null,"disponibilidades":[]}
------------------------------------
[02:04:20] [REQ#1 agenda=82 recurso=213] Нет свободных мест.
[02:04:20] [REQ#2 agenda=7 recurso=214] Старт запроса.
[02:04:21] [REQ#2 agenda=7 recurso=214] HTTP 200
------ ОТВЕТ СЕРВЕРА (REQ#2 agenda=7 recurso=214) ------
{"textoAgendaPaso2":"","textoRecursoPaso2":null,"disponibilidades":[]}
------------------------------------
[02:04:21] [REQ#2 agenda=7 recurso=214] Нет свободных мест.

===== RUN 2025-10-25 02:08:15 UTC =====
[02:08:15] [REQ#1 agenda=82 recurso=213] Старт запроса.
[02:08:17] [REQ#1 agenda=82 recurso=213] HTTP 200
------ ОТВЕТ СЕРВЕРА (REQ#1 agenda=82 recurso=213) ------
{"textoAgendaPaso2":"SOLO REALICE UNA RESERVA si cuenta con toda la \r\ndocumentaci\u00f3n en forma, ya que una vez abonada \r\nno habr\u00e1 devoluciones.","textoRecursoPaso2":null,"disponibilidades":[]}
------------------------------------
[02:08:17] [REQ#1 agenda=82 recurso=213] Нет свободных мест.
[02:08:17] [REQ#2 agenda=7 recurso=214] Старт запроса.
[02:08:18] [REQ#2 agenda=7 recurso=214] HTTP 200
------ ОТВЕТ СЕРВЕРА (REQ#2 agenda=7 recurso=214) ------
{"textoAgendaPaso2":"","textoRecursoPaso2":null,"disponibilidades":[]}
------------------------------------
[02:08:18] [REQ#2 agenda=7 recurso=214] Нет свободных мест.

===== RUN 2025-10-25 02:08:53 UTC =====
[02:08:56] [REQ#1 agenda=82 recurso=213] Старт запроса.
[02:08:58] [REQ#1 agenda=82 recurso=213] HTTP 200
------ ОТВЕТ СЕРВЕРА (REQ#1 agenda=82 recurso=213) ------
{"textoAgendaPaso2":"SOLO REALICE UNA RESERVA si cuenta con toda la \r\ndocumentaci\u00f3n en forma, ya que una vez abonada \r\nno habr\u00e1 devoluciones.","textoRecursoPaso2":null,"disponibilidades":[]}
------------------------------------
[02:08:58] [REQ#1 agenda=82 recurso=213] Нет свободных мест.
[02:08:58] [REQ#2 agenda=7 recurso=214] Старт запроса.
[02:08:59] [REQ#2 agenda=7 recurso=214] HTTP 200
------ ОТВЕТ СЕРВЕРА (REQ#2 agenda=7 recurso=214) ------
{"textoAgendaPaso2":"","textoRecursoPaso2":null,"disponibilidades":[]}
------------------------------------
[02:08:59] [REQ#2 agenda=7 recurso=214] Нет свободных мест.

===== RUN 2025-10-25 02:13:58 UTC =====
[02:13:58] [REQ#1 agenda=82 recurso=213] Старт запроса.
[02:14:00] [REQ#1 agenda=82 recurso=213] HTTP 200
------ ОТВЕТ СЕРВЕРА (REQ#1 agenda=82 recurso=213) ------
{"textoAgendaPaso2":"SOLO REALICE UNA RESERVA si cuenta con toda la \r\ndocumentaci\u00f3n en forma, ya que una vez abonada \r\nno habr\u00e1 devoluciones.","textoRecursoPaso2":null,"disponibilidades":[]}
------------------------------------
[02:14:00] [REQ#1 agenda=82 recurso=213] Нет свободных мест.
[02:14:00] [REQ#2 agenda=7 recurso=214] Старт запроса.
[02:14:01] [REQ#2 agenda=7 recurso=214] HTTP 200
------ ОТВЕТ СЕРВЕРА (REQ#2 agenda=7 recurso=214) ------
{"textoAgendaPaso2":"","textoRecursoPaso2":null,"disponibilidades":[]}
------------------------------------
[02:14:01] [REQ#2 agenda=7 recurso=214] Нет свободных мест.

===== RUN 2025-10-25 00:10:42 -03 =====
[00:10:42] [REQ#1 agenda=82 recurso=213] Старт запроса.
[00:10:45] [REQ#1 agenda=82 recurso=213] HTTP 200
------ ОТВЕТ СЕРВЕРА (REQ#1 agenda=82 recurso=213) ------
{"textoAgendaPaso2":"SOLO REALICE UNA RESERVA si cuenta con toda la \r\ndocumentaci\u00f3n en forma, ya que una vez abonada \r\nno habr\u00e1 devoluciones.","textoRecursoPaso2":null,"disponibilidades":[]}
------------------------------------
[00:10:45] [REQ#1 agenda=82 recurso=213] Нет свободных мест.
[00:10:45] [REQ#2 agenda=7 recurso=214] Старт запроса.
[00:10:46] [REQ#2 agenda=7 recurso=214] HTTP 200
------ ОТВЕТ СЕРВЕРА (REQ#2 agenda=7 recurso=214) ------
{"textoAgendaPaso2":"","textoRecursoPaso2":null,"disponibilidades":[]}
------------------------------------
[00:10:46] [REQ#2 agenda=7 recurso=214] Нет свободных мест.

===== RUN 2025-10-25 00:28:24 -03 (minute 0/350) =====
[00:28:26] [REQ#1 agenda=82 recurso=213] Старт запроса.
[00:28:28] [REQ#1 agenda=82 recurso=213] HTTP 200
------ ОТВЕТ СЕРВЕРА (REQ#1 agenda=82 recurso=213) ------
{"textoAgendaPaso2":"SOLO REALICE UNA RESERVA si cuenta con toda la \r\ndocumentaci\u00f3n en forma, ya que una vez abonada \r\nno habr\u00e1 devoluciones.","textoRecursoPaso2":null,"disponibilidades":[]}
------------------------------------
[00:28:28] [REQ#1 agenda=82 recurso=213] Нет свободных мест.
[00:28:28] [REQ#2 agenda=7 recurso=214] Старт запроса.
[00:28:29] [REQ#2 agenda=7 recurso=214] HTTP 200
------ ОТВЕТ СЕРВЕРА (REQ#2 agenda=7 recurso=214) ------
{"textoAgendaPaso2":"","textoRecursoPaso2":null,"disponibilidades":[]}
------------------------------------
[00:28:29] [REQ#2 agenda=7 recurso=214] Нет свободных мест.
===== RUN 2025-10-25 00:30:29 -03 (minute 2/350) =====
[00:30:29] [REQ#1 agenda=82 recurso=213] Старт запроса.
[00:30:30] [REQ#1 agenda=82 recurso=213] HTTP 200
------ ОТВЕТ СЕРВЕРА (REQ#1 agenda=82 recurso=213) ------
{"textoAgendaPaso2":"SOLO REALICE UNA RESERVA si cuenta con toda la \r\ndocumentaci\u00f3n en forma, ya que una vez abonada \r\nno habr\u00e1 devoluciones.","textoRecursoPaso2":null,"disponibilidades":[]}
------------------------------------
[00:30:30] [REQ#1 agenda=82 recurso=213] Нет свободных мест.
[00:30:30] [REQ#2 agenda=7 recurso=214] Старт запроса.
[00:30:32] [REQ#2 agenda=7 recurso=214] HTTP 200
------ ОТВЕТ СЕРВЕРА (REQ#2 agenda=7 recurso=214) ------
{"textoAgendaPaso2":"","textoRecursoPaso2":null,"disponibilidades":[]}
------------------------------------
[00:30:32] [REQ#2 agenda=7 recurso=214] Нет свободных мест.
===== RUN 2025-10-25 00:32:32 -03 (minute 4/350) =====
[00:32:32] [REQ#1 agenda=82 recurso=213] Старт запроса.
[00:32:33] [REQ#1 agenda=82 recurso=213] HTTP 200
------ ОТВЕТ СЕРВЕРА (REQ#1 agenda=82 recurso=213) ------
{"textoAgendaPaso2":"SOLO REALICE UNA RESERVA si cuenta con toda la \r\ndocumentaci\u00f3n en forma, ya que una vez abonada \r\nno habr\u00e1 devoluciones.","textoRecursoPaso2":null,"disponibilidades":[]}
------------------------------------
[00:32:33] [REQ#1 agenda=82 recurso=213] Нет свободных мест.
[00:32:33] [REQ#2 agenda=7 recurso=214] Старт запроса.
[00:32:34] [REQ#2 agenda=7 recurso=214] HTTP 200
------ ОТВЕТ СЕРВЕРА (REQ#2 agenda=7 recurso=214) ------
{"textoAgendaPaso2":"","textoRecursoPaso2":null,"disponibilidades":[]}
------------------------------------
[00:32:34] [REQ#2 agenda=7 recurso=214] Нет свободных мест.
===== RUN 2025-10-25 00:34:34 -03 (minute 6/350) =====
[00:34:34] [REQ#1 agenda=82 recurso=213] Старт запроса.
[00:34:36] [REQ#1 agenda=82 recurso=213] HTTP 200
------ ОТВЕТ СЕРВЕРА (REQ#1 agenda=82 recurso=213) ------
{"textoAgendaPaso2":"SOLO REALICE UNA RESERVA si cuenta con toda la \r\ndocumentaci\u00f3n en forma, ya que una vez abonada \r\nno habr\u00e1 devoluciones.","textoRecursoPaso2":null,"disponibilidades":[]}
------------------------------------
[00:34:36] [REQ#1 agenda=82 recurso=213] Нет свободных мест.
[00:34:36] [REQ#2 agenda=7 recurso=214] Старт запроса.
[00:34:37] [REQ#2 agenda=7 recurso=214] HTTP 200
------ ОТВЕТ СЕРВЕРА (REQ#2 agenda=7 recurso=214) ------
{"textoAgendaPaso2":"","textoRecursoPaso2":null,"disponibilidades":[]}
------------------------------------
[00:34:37] [REQ#2 agenda=7 recurso=214] Нет свободных мест.
===== RUN 2025-10-25 00:39:03 -03 (minute 0/350, iter 1) =====
[00:39:04] [REQ#1 agenda=82 recurso=213] Старт запроса.
[00:39:06] [REQ#1 agenda=82 recurso=213] HTTP 200
------ ОТВЕТ СЕРВЕРА (REQ#1 agenda=82 recurso=213) ------
{"textoAgendaPaso2":"SOLO REALICE UNA RESERVA si cuenta con toda la \r\ndocumentaci\u00f3n en forma, ya que una vez abonada \r\nno habr\u00e1 devoluciones.","textoRecursoPaso2":null,"disponibilidades":[]}
------------------------------------
[00:39:06] [REQ#1 agenda=82 recurso=213] Нет свободных мест.
[00:39:06] [REQ#2 agenda=7 recurso=214] Старт запроса.
[00:39:07] [REQ#2 agenda=7 recurso=214] HTTP 200
------ ОТВЕТ СЕРВЕРА (REQ#2 agenda=7 recurso=214) ------
{"textoAgendaPaso2":"","textoRecursoPaso2":null,"disponibilidades":[]}
------------------------------------
[00:39:07] [REQ#2 agenda=7 recurso=214] Нет свободных мест.
===== RUN 2025-10-25 00:39:35 -03 (minute 0/350, iter 1) =====
[00:39:37] [REQ#1 agenda=82 recurso=213] Старт запроса.
[00:39:38] [REQ#1 agenda=82 recurso=213] HTTP 200
------ ОТВЕТ СЕРВЕРА (REQ#1 agenda=82 recurso=213) ------
{"textoAgendaPaso2":"SOLO REALICE UNA RESERVA si cuenta con toda la \r\ndocumentaci\u00f3n en forma, ya que una vez abonada \r\nno habr\u00e1 devoluciones.","textoRecursoPaso2":null,"disponibilidades":[]}
------------------------------------
[00:39:38] [REQ#1 agenda=82 recurso=213] Нет свободных мест.
[00:39:38] [REQ#2 agenda=7 recurso=214] Старт запроса.
[00:39:39] [REQ#2 agenda=7 recurso=214] HTTP 200
------ ОТВЕТ СЕРВЕРА (REQ#2 agenda=7 recurso=214) ------
{"textoAgendaPaso2":"","textoRecursoPaso2":null,"disponibilidades":[]}
------------------------------------
[00:39:39] [REQ#2 agenda=7 recurso=214] Нет свободных мест.
