===== RUN 2025-10-24 01:49:09 UTC =====
[01:49:09] Старт запроса.
[01:49:11] HTTP 200
------ ОТВЕТ СЕРВЕРА ------
{"textoAgendaPaso2":"","textoRecursoPaso2":null,"disponibilidades":[]}
---------------------------
[01:49:11] Нет свободных мест.

===== RUN 2025-10-24 02:35:37 UTC =====
[02:35:37] [REQ#1] Старт запроса.
[02:35:39] [REQ#1] HTTP 200
------ ОТВЕТ СЕРВЕРА (REQ#1) ------
{"textoAgendaPaso2":"","textoRecursoPaso2":null,"disponibilidades":[]}
------------------------------------
[02:35:39] [REQ#1] Нет свободных мест.
[02:35:39] [REQ#2] Старт запроса.
[02:35:40] [REQ#2] HTTP 200
------ ОТВЕТ СЕРВЕРА (REQ#2) ------
{"textoAgendaPaso2":"SOLO REALICE UNA RESERVA si cuenta con toda la \r\ndocumentaci\u00f3n en forma, ya que una vez abonada \r\nno habr\u00e1 devoluciones.","textoRecursoPaso2":null,"disponibilidades":[]}
------------------------------------
[02:35:40] [REQ#2] Нет свободных мест.

===== RUN 2025-10-24 02:53:31 UTC =====
[02:53:31] [REQ#1] Старт запроса.
[02:53:34] [REQ#1] HTTP 200
------ ОТВЕТ СЕРВЕРА (REQ#1) ------
{"textoAgendaPaso2":"","textoRecursoPaso2":null,"disponibilidades":[]}
------------------------------------
[02:53:34] [REQ#1] Нет свободных мест.
[02:53:34] [REQ#2] Старт запроса.
[02:53:35] [REQ#2] HTTP 200
------ ОТВЕТ СЕРВЕРА (REQ#2) ------
{"textoAgendaPaso2":"SOLO REALICE UNA RESERVA si cuenta con toda la \r\ndocumentaci\u00f3n en forma, ya que una vez abonada \r\nno habr\u00e1 devoluciones.","textoRecursoPaso2":null,"disponibilidades":[]}
------------------------------------
[02:53:35] [REQ#2] Нет свободных мест.

===== RUN 2025-10-24 03:21:57 UTC =====
[03:21:57] [REQ#1] Старт запроса.
[03:21:59] [REQ#1] HTTP 200
------ ОТВЕТ СЕРВЕРА (REQ#1) ------
{"textoAgendaPaso2":"","textoRecursoPaso2":null,"disponibilidades":[]}
------------------------------------
[03:21:59] [REQ#1] Нет свободных мест.
[03:21:59] [REQ#2] Старт запроса.
[03:22:00] [REQ#2] HTTP 200
------ ОТВЕТ СЕРВЕРА (REQ#2) ------
{"textoAgendaPaso2":"SOLO REALICE UNA RESERVA si cuenta con toda la \r\ndocumentaci\u00f3n en forma, ya que una vez abonada \r\nno habr\u00e1 devoluciones.","textoRecursoPaso2":null,"disponibilidades":[]}
------------------------------------
[03:22:00] [REQ#2] Нет свободных мест.

===== RUN 2025-10-24 03:33:57 UTC =====
[03:33:57] [REQ#1] Старт запроса.
[03:34:00] [REQ#1] HTTP 200
------ ОТВЕТ СЕРВЕРА (REQ#1) ------
{"textoAgendaPaso2":"","textoRecursoPaso2":null,"disponibilidades":[]}
------------------------------------
[03:34:00] [REQ#1] Нет свободных мест.
[03:34:00] [REQ#2] Старт запроса.
[03:34:01] [REQ#2] HTTP 200
------ ОТВЕТ СЕРВЕРА (REQ#2) ------
{"textoAgendaPaso2":"SOLO REALICE UNA RESERVA si cuenta con toda la \r\ndocumentaci\u00f3n en forma, ya que una vez abonada \r\nno habr\u00e1 devoluciones.","textoRecursoPaso2":null,"disponibilidades":[]}
------------------------------------
[03:34:01] [REQ#2] Нет свободных мест.

