===== RUN 2025-10-23 01:23:26 UTC =====
[01:23:26] Старт запроса.
[01:23:29] HTTP 200
------ ОТВЕТ СЕРВЕРА ------
{"textoAgendaPaso2":"","textoRecursoPaso2":null,"disponibilidades":[]}
---------------------------
[01:23:29] Нет свободных мест.

===== RUN 2025-10-23 02:44:56 UTC =====
[02:44:56] Старт запроса.
[02:44:58] HTTP 200
------ ОТВЕТ СЕРВЕРА ------
{"textoAgendaPaso2":"","textoRecursoPaso2":null,"disponibilidades":[]}
---------------------------
[02:44:58] Нет свободных мест.

===== RUN 2025-10-23 03:27:57 UTC =====
[03:27:57] Старт запроса.
[03:27:59] HTTP 200
------ ОТВЕТ СЕРВЕРА ------
{"textoAgendaPaso2":"","textoRecursoPaso2":null,"disponibilidades":[]}
---------------------------
[03:27:59] Нет свободных мест.

===== RUN 2025-10-23 03:49:59 UTC =====
[03:50:00] Старт запроса.
[03:50:02] HTTP 200
------ ОТВЕТ СЕРВЕРА ------
{"textoAgendaPaso2":"","textoRecursoPaso2":null,"disponibilidades":[]}
---------------------------
[03:50:02] Нет свободных мест.

===== RUN 2025-10-23 03:58:26 UTC =====
[03:58:26] Старт запроса.
[03:58:27] HTTP 200
------ ОТВЕТ СЕРВЕРА ------
{"textoAgendaPaso2":"","textoRecursoPaso2":null,"disponibilidades":[]}
---------------------------
[03:58:27] Нет свободных мест.

===== RUN 2025-10-23 04:26:51 UTC =====
[04:26:51] Старт запроса.
[04:26:53] HTTP 200
------ ОТВЕТ СЕРВЕРА ------
{"textoAgendaPaso2":"","textoRecursoPaso2":null,"disponibilidades":[]}
---------------------------
[04:26:53] Нет свободных мест.

===== RUN 2025-10-23 04:42:52 UTC =====
[04:42:52] Старт запроса.
[04:42:54] HTTP 200
------ ОТВЕТ СЕРВЕРА ------
{"textoAgendaPaso2":"","textoRecursoPaso2":null,"disponibilidades":[]}
---------------------------
[04:42:54] Нет свободных мест.

