===== RUN 2025-10-22 04:42:14 UTC =====
[04:42:15] Старт запроса.
[04:42:16] HTTP 200
------ ОТВЕТ СЕРВЕРА ------
{"textoAgendaPaso2":"","textoRecursoPaso2":null,"disponibilidades":[]}
---------------------------
[04:42:16] Нет свободных мест.

===== RUN 2025-10-22 04:43:51 UTC =====
[04:43:51] Старт запроса.
[04:43:53] HTTP 200
------ ОТВЕТ СЕРВЕРА ------
{"textoAgendaPaso2":"","textoRecursoPaso2":null,"disponibilidades":[]}
---------------------------
[04:43:53] Нет свободных мест.

===== RUN 2025-10-22 04:53:28 UTC =====
[04:53:28] Старт запроса.
[04:53:30] HTTP 200
------ ОТВЕТ СЕРВЕРА ------
{"textoAgendaPaso2":"","textoRecursoPaso2":null,"disponibilidades":[]}
---------------------------
[04:53:30] Нет свободных мест.

===== RUN 2025-10-22 05:11:55 UTC =====
[05:11:55] Старт запроса.
[05:11:57] HTTP 200
------ ОТВЕТ СЕРВЕРА ------
{"textoAgendaPaso2":"","textoRecursoPaso2":null,"disponibilidades":[]}
---------------------------
[05:11:57] Нет свободных мест.

===== RUN 2025-10-22 05:32:45 UTC =====
[05:32:45] Старт запроса.
[05:32:47] HTTP 200
------ ОТВЕТ СЕРВЕРА ------
{"textoAgendaPaso2":"","textoRecursoPaso2":null,"disponibilidades":[]}
---------------------------
[05:32:47] Нет свободных мест.

===== RUN 2025-10-22 05:45:24 UTC =====
[05:45:25] Старт запроса.
[05:45:27] HTTP 200
------ ОТВЕТ СЕРВЕРА ------
{"textoAgendaPaso2":"","textoRecursoPaso2":null,"disponibilidades":[]}
---------------------------
[05:45:27] Нет свободных мест.

===== RUN 2025-10-22 05:54:02 UTC =====
[05:54:02] Старт запроса.
===== RUN 2025-10-22 06:19:39 UTC =====
[06:19:40] Старт запроса.
[06:19:42] HTTP 200
------ ОТВЕТ СЕРВЕРА ------
{"textoAgendaPaso2":"","textoRecursoPaso2":null,"disponibilidades":[]}
---------------------------
[06:19:42] Нет свободных мест.

===== RUN 2025-10-22 06:47:16 UTC =====
[06:47:16] Старт запроса.
[06:47:18] HTTP 200
------ ОТВЕТ СЕРВЕРА ------
{"textoAgendaPaso2":"","textoRecursoPaso2":null,"disponibilidades":[]}
---------------------------
[06:47:18] Нет свободных мест.

===== RUN 2025-10-22 06:58:54 UTC =====
[06:58:54] Старт запроса.
[06:58:57] HTTP 200
------ ОТВЕТ СЕРВЕРА ------
{"textoAgendaPaso2":"","textoRecursoPaso2":null,"disponibilidades":[]}
---------------------------
[06:58:57] Нет свободных мест.

===== RUN 2025-10-22 07:23:32 UTC =====
[07:23:32] Старт запроса.
[07:23:34] HTTP 200
------ ОТВЕТ СЕРВЕРА ------
{"textoAgendaPaso2":"","textoRecursoPaso2":null,"disponibilidades":[]}
---------------------------
[07:23:34] Нет свободных мест.

===== RUN 2025-10-22 07:36:39 UTC =====
[07:36:39] Старт запроса.
[07:36:41] HTTP 200
------ ОТВЕТ СЕРВЕРА ------
{"textoAgendaPaso2":"","textoRecursoPaso2":null,"disponibilidades":[]}
---------------------------
[07:36:41] Нет свободных мест.

===== RUN 2025-10-22 07:45:57 UTC =====
[07:45:57] Старт запроса.
[07:45:58] HTTP 200
------ ОТВЕТ СЕРВЕРА ------
{"textoAgendaPaso2":"","textoRecursoPaso2":null,"disponibilidades":[]}
---------------------------
[07:45:58] Нет свободных мест.

===== RUN 2025-10-22 07:54:37 UTC =====
[07:54:37] Старт запроса.
[07:54:39] HTTP 200
------ ОТВЕТ СЕРВЕРА ------
{"textoAgendaPaso2":"","textoRecursoPaso2":null,"disponibilidades":[]}
---------------------------
[07:54:39] Нет свободных мест.

===== RUN 2025-10-22 08:20:52 UTC =====
[08:20:52] Старт запроса.
[08:20:54] HTTP 200
------ ОТВЕТ СЕРВЕРА ------
{"textoAgendaPaso2":"","textoRecursoPaso2":null,"disponibilidades":[]}
---------------------------
[08:20:54] Нет свободных мест.

===== RUN 2025-10-22 08:45:39 UTC =====
[08:45:39] Старт запроса.
[08:45:41] HTTP 200
------ ОТВЕТ СЕРВЕРА ------
{"textoAgendaPaso2":"","textoRecursoPaso2":null,"disponibilidades":[]}
---------------------------
[08:45:41] Нет свободных мест.

===== RUN 2025-10-22 08:59:16 UTC =====
[08:59:17] Старт запроса.
[08:59:18] HTTP 200
------ ОТВЕТ СЕРВЕРА ------
{"textoAgendaPaso2":"","textoRecursoPaso2":null,"disponibilidades":[]}
---------------------------
[08:59:18] Нет свободных мест.

===== RUN 2025-10-22 09:28:39 UTC =====
[09:28:39] Старт запроса.
[09:28:41] HTTP 200
------ ОТВЕТ СЕРВЕРА ------
{"textoAgendaPaso2":"","textoRecursoPaso2":null,"disponibilidades":[]}
---------------------------
[09:28:41] Нет свободных мест.

